[2023-12-15T22:26:05.194+0000] {processor.py:157} INFO - Started process (PID=6104) to work on /opt/airflow/dags/dag2.py
[2023-12-15T22:26:05.195+0000] {processor.py:829} INFO - Processing file /opt/airflow/dags/dag2.py for tasks to queue
[2023-12-15T22:26:05.196+0000] {logging_mixin.py:154} INFO - [2023-12-15T22:26:05.196+0000] {dagbag.py:536} INFO - Filling up the DagBag from /opt/airflow/dags/dag2.py
[2023-12-15T22:26:05.223+0000] {logging_mixin.py:154} WARNING - /home/airflow/.local/lib/python3.8/site-packages/airflow/models/baseoperator.py:437 RemovedInAirflow3Warning: provide_context is deprecated as of 2.0 and is no longer required
[2023-12-15T22:26:05.227+0000] {processor.py:839} INFO - DAG(s) dict_keys(['Diabetes_App3']) retrieved from /opt/airflow/dags/dag2.py
[2023-12-15T22:26:05.373+0000] {logging_mixin.py:154} INFO - [2023-12-15T22:26:05.373+0000] {dag.py:2941} INFO - Sync 1 DAGs
[2023-12-15T22:26:05.403+0000] {logging_mixin.py:154} INFO - [2023-12-15T22:26:05.403+0000] {dag.py:3722} INFO - Setting next_dagrun for Diabetes_App3 to 2023-12-15T23:00:00+00:00, run_after=2023-12-16T00:00:00+00:00
[2023-12-15T22:26:05.468+0000] {processor.py:179} INFO - Processing /opt/airflow/dags/dag2.py took 0.277 seconds
[2023-12-15T22:26:37.208+0000] {processor.py:157} INFO - Started process (PID=6143) to work on /opt/airflow/dags/dag2.py
[2023-12-15T22:26:37.209+0000] {processor.py:829} INFO - Processing file /opt/airflow/dags/dag2.py for tasks to queue
[2023-12-15T22:26:37.210+0000] {logging_mixin.py:154} INFO - [2023-12-15T22:26:37.210+0000] {dagbag.py:536} INFO - Filling up the DagBag from /opt/airflow/dags/dag2.py
[2023-12-15T22:26:37.238+0000] {logging_mixin.py:154} WARNING - /home/airflow/.local/lib/python3.8/site-packages/airflow/models/baseoperator.py:437 RemovedInAirflow3Warning: provide_context is deprecated as of 2.0 and is no longer required
[2023-12-15T22:26:37.241+0000] {processor.py:839} INFO - DAG(s) dict_keys(['Diabetes_App3']) retrieved from /opt/airflow/dags/dag2.py
[2023-12-15T22:26:37.387+0000] {logging_mixin.py:154} INFO - [2023-12-15T22:26:37.387+0000] {dag.py:2941} INFO - Sync 1 DAGs
[2023-12-15T22:26:37.415+0000] {logging_mixin.py:154} INFO - [2023-12-15T22:26:37.415+0000] {dag.py:3722} INFO - Setting next_dagrun for Diabetes_App3 to 2023-12-15T23:00:00+00:00, run_after=2023-12-16T00:00:00+00:00
[2023-12-15T22:26:37.484+0000] {processor.py:179} INFO - Processing /opt/airflow/dags/dag2.py took 0.279 seconds
[2023-12-15T22:27:09.291+0000] {processor.py:157} INFO - Started process (PID=6182) to work on /opt/airflow/dags/dag2.py
[2023-12-15T22:27:09.292+0000] {processor.py:829} INFO - Processing file /opt/airflow/dags/dag2.py for tasks to queue
[2023-12-15T22:27:09.293+0000] {logging_mixin.py:154} INFO - [2023-12-15T22:27:09.293+0000] {dagbag.py:536} INFO - Filling up the DagBag from /opt/airflow/dags/dag2.py
[2023-12-15T22:27:09.321+0000] {logging_mixin.py:154} WARNING - /home/airflow/.local/lib/python3.8/site-packages/airflow/models/baseoperator.py:437 RemovedInAirflow3Warning: provide_context is deprecated as of 2.0 and is no longer required
[2023-12-15T22:27:09.324+0000] {processor.py:839} INFO - DAG(s) dict_keys(['Diabetes_App3']) retrieved from /opt/airflow/dags/dag2.py
[2023-12-15T22:27:09.456+0000] {logging_mixin.py:154} INFO - [2023-12-15T22:27:09.455+0000] {dag.py:2941} INFO - Sync 1 DAGs
[2023-12-15T22:27:09.486+0000] {logging_mixin.py:154} INFO - [2023-12-15T22:27:09.486+0000] {dag.py:3722} INFO - Setting next_dagrun for Diabetes_App3 to 2023-12-15T23:00:00+00:00, run_after=2023-12-16T00:00:00+00:00
[2023-12-15T22:27:09.552+0000] {processor.py:179} INFO - Processing /opt/airflow/dags/dag2.py took 0.265 seconds
[2023-12-15T22:27:41.377+0000] {processor.py:157} INFO - Started process (PID=6221) to work on /opt/airflow/dags/dag2.py
[2023-12-15T22:27:41.378+0000] {processor.py:829} INFO - Processing file /opt/airflow/dags/dag2.py for tasks to queue
[2023-12-15T22:27:41.380+0000] {logging_mixin.py:154} INFO - [2023-12-15T22:27:41.380+0000] {dagbag.py:536} INFO - Filling up the DagBag from /opt/airflow/dags/dag2.py
[2023-12-15T22:27:41.415+0000] {logging_mixin.py:154} WARNING - /home/airflow/.local/lib/python3.8/site-packages/airflow/models/baseoperator.py:437 RemovedInAirflow3Warning: provide_context is deprecated as of 2.0 and is no longer required
[2023-12-15T22:27:41.418+0000] {processor.py:839} INFO - DAG(s) dict_keys(['Diabetes_App3']) retrieved from /opt/airflow/dags/dag2.py
[2023-12-15T22:27:41.565+0000] {logging_mixin.py:154} INFO - [2023-12-15T22:27:41.565+0000] {dag.py:2941} INFO - Sync 1 DAGs
[2023-12-15T22:27:41.596+0000] {logging_mixin.py:154} INFO - [2023-12-15T22:27:41.595+0000] {dag.py:3722} INFO - Setting next_dagrun for Diabetes_App3 to 2023-12-15T23:00:00+00:00, run_after=2023-12-16T00:00:00+00:00
[2023-12-15T22:27:41.676+0000] {processor.py:179} INFO - Processing /opt/airflow/dags/dag2.py took 0.304 seconds
[2023-12-15T22:28:13.398+0000] {processor.py:157} INFO - Started process (PID=6260) to work on /opt/airflow/dags/dag2.py
[2023-12-15T22:28:13.399+0000] {processor.py:829} INFO - Processing file /opt/airflow/dags/dag2.py for tasks to queue
[2023-12-15T22:28:13.401+0000] {logging_mixin.py:154} INFO - [2023-12-15T22:28:13.400+0000] {dagbag.py:536} INFO - Filling up the DagBag from /opt/airflow/dags/dag2.py
[2023-12-15T22:28:13.437+0000] {logging_mixin.py:154} WARNING - /home/airflow/.local/lib/python3.8/site-packages/airflow/models/baseoperator.py:437 RemovedInAirflow3Warning: provide_context is deprecated as of 2.0 and is no longer required
[2023-12-15T22:28:13.440+0000] {processor.py:839} INFO - DAG(s) dict_keys(['Diabetes_App3']) retrieved from /opt/airflow/dags/dag2.py
[2023-12-15T22:28:13.596+0000] {logging_mixin.py:154} INFO - [2023-12-15T22:28:13.596+0000] {dag.py:2941} INFO - Sync 1 DAGs
[2023-12-15T22:28:13.631+0000] {logging_mixin.py:154} INFO - [2023-12-15T22:28:13.630+0000] {dag.py:3722} INFO - Setting next_dagrun for Diabetes_App3 to 2023-12-15T23:00:00+00:00, run_after=2023-12-16T00:00:00+00:00
[2023-12-15T22:28:13.705+0000] {processor.py:179} INFO - Processing /opt/airflow/dags/dag2.py took 0.311 seconds
[2023-12-15T22:28:45.502+0000] {processor.py:157} INFO - Started process (PID=6299) to work on /opt/airflow/dags/dag2.py
[2023-12-15T22:28:45.503+0000] {processor.py:829} INFO - Processing file /opt/airflow/dags/dag2.py for tasks to queue
[2023-12-15T22:28:45.506+0000] {logging_mixin.py:154} INFO - [2023-12-15T22:28:45.505+0000] {dagbag.py:536} INFO - Filling up the DagBag from /opt/airflow/dags/dag2.py
[2023-12-15T22:28:45.557+0000] {logging_mixin.py:154} WARNING - /home/airflow/.local/lib/python3.8/site-packages/airflow/models/baseoperator.py:437 RemovedInAirflow3Warning: provide_context is deprecated as of 2.0 and is no longer required
[2023-12-15T22:28:45.561+0000] {processor.py:839} INFO - DAG(s) dict_keys(['Diabetes_App3']) retrieved from /opt/airflow/dags/dag2.py
[2023-12-15T22:28:45.756+0000] {logging_mixin.py:154} INFO - [2023-12-15T22:28:45.755+0000] {dag.py:2941} INFO - Sync 1 DAGs
[2023-12-15T22:28:45.793+0000] {logging_mixin.py:154} INFO - [2023-12-15T22:28:45.793+0000] {dag.py:3722} INFO - Setting next_dagrun for Diabetes_App3 to 2023-12-15T23:00:00+00:00, run_after=2023-12-16T00:00:00+00:00
[2023-12-15T22:28:45.873+0000] {processor.py:179} INFO - Processing /opt/airflow/dags/dag2.py took 0.375 seconds
[2023-12-15T22:29:16.415+0000] {processor.py:157} INFO - Started process (PID=6338) to work on /opt/airflow/dags/dag2.py
[2023-12-15T22:29:16.416+0000] {processor.py:829} INFO - Processing file /opt/airflow/dags/dag2.py for tasks to queue
[2023-12-15T22:29:16.417+0000] {logging_mixin.py:154} INFO - [2023-12-15T22:29:16.416+0000] {dagbag.py:536} INFO - Filling up the DagBag from /opt/airflow/dags/dag2.py
[2023-12-15T22:29:16.444+0000] {logging_mixin.py:154} WARNING - /home/airflow/.local/lib/python3.8/site-packages/airflow/models/baseoperator.py:437 RemovedInAirflow3Warning: provide_context is deprecated as of 2.0 and is no longer required
[2023-12-15T22:29:16.447+0000] {processor.py:839} INFO - DAG(s) dict_keys(['Diabetes_App3']) retrieved from /opt/airflow/dags/dag2.py
[2023-12-15T22:29:16.597+0000] {logging_mixin.py:154} INFO - [2023-12-15T22:29:16.596+0000] {dag.py:2941} INFO - Sync 1 DAGs
[2023-12-15T22:29:16.639+0000] {logging_mixin.py:154} INFO - [2023-12-15T22:29:16.639+0000] {dag.py:3722} INFO - Setting next_dagrun for Diabetes_App3 to 2023-12-15T23:00:00+00:00, run_after=2023-12-16T00:00:00+00:00
[2023-12-15T22:29:16.718+0000] {processor.py:179} INFO - Processing /opt/airflow/dags/dag2.py took 0.306 seconds
[2023-12-15T22:29:49.137+0000] {processor.py:157} INFO - Started process (PID=6377) to work on /opt/airflow/dags/dag2.py
[2023-12-15T22:29:49.138+0000] {processor.py:829} INFO - Processing file /opt/airflow/dags/dag2.py for tasks to queue
[2023-12-15T22:29:49.139+0000] {logging_mixin.py:154} INFO - [2023-12-15T22:29:49.139+0000] {dagbag.py:536} INFO - Filling up the DagBag from /opt/airflow/dags/dag2.py
[2023-12-15T22:29:49.167+0000] {logging_mixin.py:154} WARNING - /home/airflow/.local/lib/python3.8/site-packages/airflow/models/baseoperator.py:437 RemovedInAirflow3Warning: provide_context is deprecated as of 2.0 and is no longer required
[2023-12-15T22:29:49.170+0000] {processor.py:839} INFO - DAG(s) dict_keys(['Diabetes_App3']) retrieved from /opt/airflow/dags/dag2.py
[2023-12-15T22:29:49.318+0000] {logging_mixin.py:154} INFO - [2023-12-15T22:29:49.317+0000] {dag.py:2941} INFO - Sync 1 DAGs
[2023-12-15T22:29:49.372+0000] {logging_mixin.py:154} INFO - [2023-12-15T22:29:49.372+0000] {dag.py:3722} INFO - Setting next_dagrun for Diabetes_App3 to 2023-12-15T23:00:00+00:00, run_after=2023-12-16T00:00:00+00:00
[2023-12-15T22:29:49.458+0000] {processor.py:179} INFO - Processing /opt/airflow/dags/dag2.py took 0.324 seconds
[2023-12-15T22:30:21.090+0000] {processor.py:157} INFO - Started process (PID=6416) to work on /opt/airflow/dags/dag2.py
[2023-12-15T22:30:21.091+0000] {processor.py:829} INFO - Processing file /opt/airflow/dags/dag2.py for tasks to queue
[2023-12-15T22:30:21.093+0000] {logging_mixin.py:154} INFO - [2023-12-15T22:30:21.092+0000] {dagbag.py:536} INFO - Filling up the DagBag from /opt/airflow/dags/dag2.py
[2023-12-15T22:30:21.129+0000] {logging_mixin.py:154} WARNING - /home/airflow/.local/lib/python3.8/site-packages/airflow/models/baseoperator.py:437 RemovedInAirflow3Warning: provide_context is deprecated as of 2.0 and is no longer required
[2023-12-15T22:30:21.132+0000] {processor.py:839} INFO - DAG(s) dict_keys(['Diabetes_App3']) retrieved from /opt/airflow/dags/dag2.py
[2023-12-15T22:30:21.284+0000] {logging_mixin.py:154} INFO - [2023-12-15T22:30:21.284+0000] {dag.py:2941} INFO - Sync 1 DAGs
[2023-12-15T22:30:21.316+0000] {logging_mixin.py:154} INFO - [2023-12-15T22:30:21.316+0000] {dag.py:3722} INFO - Setting next_dagrun for Diabetes_App3 to 2023-12-15T23:00:00+00:00, run_after=2023-12-16T00:00:00+00:00
[2023-12-15T22:30:21.415+0000] {processor.py:179} INFO - Processing /opt/airflow/dags/dag2.py took 0.329 seconds
[2023-12-15T22:30:53.038+0000] {processor.py:157} INFO - Started process (PID=6455) to work on /opt/airflow/dags/dag2.py
[2023-12-15T22:30:53.039+0000] {processor.py:829} INFO - Processing file /opt/airflow/dags/dag2.py for tasks to queue
[2023-12-15T22:30:53.040+0000] {logging_mixin.py:154} INFO - [2023-12-15T22:30:53.040+0000] {dagbag.py:536} INFO - Filling up the DagBag from /opt/airflow/dags/dag2.py
[2023-12-15T22:30:53.069+0000] {logging_mixin.py:154} WARNING - /home/airflow/.local/lib/python3.8/site-packages/airflow/models/baseoperator.py:437 RemovedInAirflow3Warning: provide_context is deprecated as of 2.0 and is no longer required
[2023-12-15T22:30:53.073+0000] {processor.py:839} INFO - DAG(s) dict_keys(['Diabetes_App3']) retrieved from /opt/airflow/dags/dag2.py
[2023-12-15T22:30:53.208+0000] {logging_mixin.py:154} INFO - [2023-12-15T22:30:53.207+0000] {dag.py:2941} INFO - Sync 1 DAGs
[2023-12-15T22:30:53.240+0000] {logging_mixin.py:154} INFO - [2023-12-15T22:30:53.239+0000] {dag.py:3722} INFO - Setting next_dagrun for Diabetes_App3 to 2023-12-15T23:00:00+00:00, run_after=2023-12-16T00:00:00+00:00
[2023-12-15T22:30:53.321+0000] {processor.py:179} INFO - Processing /opt/airflow/dags/dag2.py took 0.286 seconds
[2023-12-15T22:31:25.103+0000] {processor.py:157} INFO - Started process (PID=6494) to work on /opt/airflow/dags/dag2.py
[2023-12-15T22:31:25.105+0000] {processor.py:829} INFO - Processing file /opt/airflow/dags/dag2.py for tasks to queue
[2023-12-15T22:31:25.106+0000] {logging_mixin.py:154} INFO - [2023-12-15T22:31:25.106+0000] {dagbag.py:536} INFO - Filling up the DagBag from /opt/airflow/dags/dag2.py
[2023-12-15T22:31:25.149+0000] {logging_mixin.py:154} WARNING - /home/airflow/.local/lib/python3.8/site-packages/airflow/models/baseoperator.py:437 RemovedInAirflow3Warning: provide_context is deprecated as of 2.0 and is no longer required
[2023-12-15T22:31:25.154+0000] {processor.py:839} INFO - DAG(s) dict_keys(['Diabetes_App3']) retrieved from /opt/airflow/dags/dag2.py
[2023-12-15T22:31:25.298+0000] {logging_mixin.py:154} INFO - [2023-12-15T22:31:25.298+0000] {dag.py:2941} INFO - Sync 1 DAGs
[2023-12-15T22:31:25.329+0000] {logging_mixin.py:154} INFO - [2023-12-15T22:31:25.329+0000] {dag.py:3722} INFO - Setting next_dagrun for Diabetes_App3 to 2023-12-15T23:00:00+00:00, run_after=2023-12-16T00:00:00+00:00
[2023-12-15T22:31:25.416+0000] {processor.py:179} INFO - Processing /opt/airflow/dags/dag2.py took 0.318 seconds
[2023-12-15T22:31:57.099+0000] {processor.py:157} INFO - Started process (PID=6533) to work on /opt/airflow/dags/dag2.py
[2023-12-15T22:31:57.100+0000] {processor.py:829} INFO - Processing file /opt/airflow/dags/dag2.py for tasks to queue
[2023-12-15T22:31:57.101+0000] {logging_mixin.py:154} INFO - [2023-12-15T22:31:57.101+0000] {dagbag.py:536} INFO - Filling up the DagBag from /opt/airflow/dags/dag2.py
[2023-12-15T22:31:57.138+0000] {logging_mixin.py:154} WARNING - /home/airflow/.local/lib/python3.8/site-packages/airflow/models/baseoperator.py:437 RemovedInAirflow3Warning: provide_context is deprecated as of 2.0 and is no longer required
[2023-12-15T22:31:57.141+0000] {processor.py:839} INFO - DAG(s) dict_keys(['Diabetes_App3']) retrieved from /opt/airflow/dags/dag2.py
[2023-12-15T22:31:57.301+0000] {logging_mixin.py:154} INFO - [2023-12-15T22:31:57.300+0000] {dag.py:2941} INFO - Sync 1 DAGs
[2023-12-15T22:31:57.345+0000] {logging_mixin.py:154} INFO - [2023-12-15T22:31:57.344+0000] {dag.py:3722} INFO - Setting next_dagrun for Diabetes_App3 to 2023-12-15T23:00:00+00:00, run_after=2023-12-16T00:00:00+00:00
[2023-12-15T22:31:57.430+0000] {processor.py:179} INFO - Processing /opt/airflow/dags/dag2.py took 0.334 seconds
[2023-12-15T22:32:30.016+0000] {processor.py:157} INFO - Started process (PID=6572) to work on /opt/airflow/dags/dag2.py
[2023-12-15T22:32:30.017+0000] {processor.py:829} INFO - Processing file /opt/airflow/dags/dag2.py for tasks to queue
[2023-12-15T22:32:30.019+0000] {logging_mixin.py:154} INFO - [2023-12-15T22:32:30.019+0000] {dagbag.py:536} INFO - Filling up the DagBag from /opt/airflow/dags/dag2.py
[2023-12-15T22:32:30.046+0000] {logging_mixin.py:154} WARNING - /home/airflow/.local/lib/python3.8/site-packages/airflow/models/baseoperator.py:437 RemovedInAirflow3Warning: provide_context is deprecated as of 2.0 and is no longer required
[2023-12-15T22:32:30.050+0000] {processor.py:839} INFO - DAG(s) dict_keys(['Diabetes_App3']) retrieved from /opt/airflow/dags/dag2.py
[2023-12-15T22:32:30.201+0000] {logging_mixin.py:154} INFO - [2023-12-15T22:32:30.201+0000] {dag.py:2941} INFO - Sync 1 DAGs
[2023-12-15T22:32:30.232+0000] {logging_mixin.py:154} INFO - [2023-12-15T22:32:30.232+0000] {dag.py:3722} INFO - Setting next_dagrun for Diabetes_App3 to 2023-12-15T23:00:00+00:00, run_after=2023-12-16T00:00:00+00:00
[2023-12-15T22:32:30.319+0000] {processor.py:179} INFO - Processing /opt/airflow/dags/dag2.py took 0.307 seconds
[2023-12-15T22:33:02.192+0000] {processor.py:157} INFO - Started process (PID=6611) to work on /opt/airflow/dags/dag2.py
[2023-12-15T22:33:02.192+0000] {processor.py:829} INFO - Processing file /opt/airflow/dags/dag2.py for tasks to queue
[2023-12-15T22:33:02.194+0000] {logging_mixin.py:154} INFO - [2023-12-15T22:33:02.193+0000] {dagbag.py:536} INFO - Filling up the DagBag from /opt/airflow/dags/dag2.py
[2023-12-15T22:33:02.222+0000] {logging_mixin.py:154} WARNING - /home/airflow/.local/lib/python3.8/site-packages/airflow/models/baseoperator.py:437 RemovedInAirflow3Warning: provide_context is deprecated as of 2.0 and is no longer required
[2023-12-15T22:33:02.226+0000] {processor.py:839} INFO - DAG(s) dict_keys(['Diabetes_App3']) retrieved from /opt/airflow/dags/dag2.py
[2023-12-15T22:33:02.367+0000] {logging_mixin.py:154} INFO - [2023-12-15T22:33:02.367+0000] {dag.py:2941} INFO - Sync 1 DAGs
[2023-12-15T22:33:02.398+0000] {logging_mixin.py:154} INFO - [2023-12-15T22:33:02.398+0000] {dag.py:3722} INFO - Setting next_dagrun for Diabetes_App3 to 2023-12-15T23:00:00+00:00, run_after=2023-12-16T00:00:00+00:00
[2023-12-15T22:33:02.470+0000] {processor.py:179} INFO - Processing /opt/airflow/dags/dag2.py took 0.282 seconds
[2023-12-15T22:33:34.249+0000] {processor.py:157} INFO - Started process (PID=6650) to work on /opt/airflow/dags/dag2.py
[2023-12-15T22:33:34.251+0000] {processor.py:829} INFO - Processing file /opt/airflow/dags/dag2.py for tasks to queue
[2023-12-15T22:33:34.252+0000] {logging_mixin.py:154} INFO - [2023-12-15T22:33:34.251+0000] {dagbag.py:536} INFO - Filling up the DagBag from /opt/airflow/dags/dag2.py
[2023-12-15T22:33:34.278+0000] {logging_mixin.py:154} WARNING - /home/airflow/.local/lib/python3.8/site-packages/airflow/models/baseoperator.py:437 RemovedInAirflow3Warning: provide_context is deprecated as of 2.0 and is no longer required
[2023-12-15T22:33:34.281+0000] {processor.py:839} INFO - DAG(s) dict_keys(['Diabetes_App3']) retrieved from /opt/airflow/dags/dag2.py
[2023-12-15T22:33:34.430+0000] {logging_mixin.py:154} INFO - [2023-12-15T22:33:34.430+0000] {dag.py:2941} INFO - Sync 1 DAGs
[2023-12-15T22:33:34.461+0000] {logging_mixin.py:154} INFO - [2023-12-15T22:33:34.461+0000] {dag.py:3722} INFO - Setting next_dagrun for Diabetes_App3 to 2023-12-15T23:00:00+00:00, run_after=2023-12-16T00:00:00+00:00
[2023-12-15T22:33:34.535+0000] {processor.py:179} INFO - Processing /opt/airflow/dags/dag2.py took 0.290 seconds
[2023-12-15T22:34:06.113+0000] {processor.py:157} INFO - Started process (PID=6689) to work on /opt/airflow/dags/dag2.py
[2023-12-15T22:34:06.114+0000] {processor.py:829} INFO - Processing file /opt/airflow/dags/dag2.py for tasks to queue
[2023-12-15T22:34:06.115+0000] {logging_mixin.py:154} INFO - [2023-12-15T22:34:06.115+0000] {dagbag.py:536} INFO - Filling up the DagBag from /opt/airflow/dags/dag2.py
[2023-12-15T22:34:06.142+0000] {logging_mixin.py:154} WARNING - /home/airflow/.local/lib/python3.8/site-packages/airflow/models/baseoperator.py:437 RemovedInAirflow3Warning: provide_context is deprecated as of 2.0 and is no longer required
[2023-12-15T22:34:06.145+0000] {processor.py:839} INFO - DAG(s) dict_keys(['Diabetes_App3']) retrieved from /opt/airflow/dags/dag2.py
[2023-12-15T22:34:06.284+0000] {logging_mixin.py:154} INFO - [2023-12-15T22:34:06.284+0000] {dag.py:2941} INFO - Sync 1 DAGs
[2023-12-15T22:34:06.316+0000] {logging_mixin.py:154} INFO - [2023-12-15T22:34:06.315+0000] {dag.py:3722} INFO - Setting next_dagrun for Diabetes_App3 to 2023-12-15T23:00:00+00:00, run_after=2023-12-16T00:00:00+00:00
[2023-12-15T22:34:06.392+0000] {processor.py:179} INFO - Processing /opt/airflow/dags/dag2.py took 0.282 seconds
[2023-12-15T22:34:37.980+0000] {processor.py:157} INFO - Started process (PID=6728) to work on /opt/airflow/dags/dag2.py
[2023-12-15T22:34:37.981+0000] {processor.py:829} INFO - Processing file /opt/airflow/dags/dag2.py for tasks to queue
[2023-12-15T22:34:37.982+0000] {logging_mixin.py:154} INFO - [2023-12-15T22:34:37.982+0000] {dagbag.py:536} INFO - Filling up the DagBag from /opt/airflow/dags/dag2.py
[2023-12-15T22:34:38.011+0000] {logging_mixin.py:154} WARNING - /home/airflow/.local/lib/python3.8/site-packages/airflow/models/baseoperator.py:437 RemovedInAirflow3Warning: provide_context is deprecated as of 2.0 and is no longer required
[2023-12-15T22:34:38.014+0000] {processor.py:839} INFO - DAG(s) dict_keys(['Diabetes_App3']) retrieved from /opt/airflow/dags/dag2.py
[2023-12-15T22:34:38.154+0000] {logging_mixin.py:154} INFO - [2023-12-15T22:34:38.154+0000] {dag.py:2941} INFO - Sync 1 DAGs
[2023-12-15T22:34:38.181+0000] {logging_mixin.py:154} INFO - [2023-12-15T22:34:38.181+0000] {dag.py:3722} INFO - Setting next_dagrun for Diabetes_App3 to 2023-12-15T23:00:00+00:00, run_after=2023-12-16T00:00:00+00:00
[2023-12-15T22:34:38.277+0000] {processor.py:179} INFO - Processing /opt/airflow/dags/dag2.py took 0.300 seconds
[2023-12-15T22:35:09.780+0000] {processor.py:157} INFO - Started process (PID=6767) to work on /opt/airflow/dags/dag2.py
[2023-12-15T22:35:09.781+0000] {processor.py:829} INFO - Processing file /opt/airflow/dags/dag2.py for tasks to queue
[2023-12-15T22:35:09.782+0000] {logging_mixin.py:154} INFO - [2023-12-15T22:35:09.782+0000] {dagbag.py:536} INFO - Filling up the DagBag from /opt/airflow/dags/dag2.py
[2023-12-15T22:35:09.811+0000] {logging_mixin.py:154} WARNING - /home/airflow/.local/lib/python3.8/site-packages/airflow/models/baseoperator.py:437 RemovedInAirflow3Warning: provide_context is deprecated as of 2.0 and is no longer required
[2023-12-15T22:35:09.814+0000] {processor.py:839} INFO - DAG(s) dict_keys(['Diabetes_App3']) retrieved from /opt/airflow/dags/dag2.py
[2023-12-15T22:35:09.949+0000] {logging_mixin.py:154} INFO - [2023-12-15T22:35:09.949+0000] {dag.py:2941} INFO - Sync 1 DAGs
[2023-12-15T22:35:09.978+0000] {logging_mixin.py:154} INFO - [2023-12-15T22:35:09.978+0000] {dag.py:3722} INFO - Setting next_dagrun for Diabetes_App3 to 2023-12-15T23:00:00+00:00, run_after=2023-12-16T00:00:00+00:00
[2023-12-15T22:35:10.058+0000] {processor.py:179} INFO - Processing /opt/airflow/dags/dag2.py took 0.281 seconds
[2023-12-15T22:35:41.968+0000] {processor.py:157} INFO - Started process (PID=6806) to work on /opt/airflow/dags/dag2.py
[2023-12-15T22:35:41.969+0000] {processor.py:829} INFO - Processing file /opt/airflow/dags/dag2.py for tasks to queue
[2023-12-15T22:35:41.970+0000] {logging_mixin.py:154} INFO - [2023-12-15T22:35:41.970+0000] {dagbag.py:536} INFO - Filling up the DagBag from /opt/airflow/dags/dag2.py
[2023-12-15T22:35:41.999+0000] {logging_mixin.py:154} WARNING - /home/airflow/.local/lib/python3.8/site-packages/airflow/models/baseoperator.py:437 RemovedInAirflow3Warning: provide_context is deprecated as of 2.0 and is no longer required
[2023-12-15T22:35:42.002+0000] {processor.py:839} INFO - DAG(s) dict_keys(['Diabetes_App3']) retrieved from /opt/airflow/dags/dag2.py
[2023-12-15T22:35:42.157+0000] {logging_mixin.py:154} INFO - [2023-12-15T22:35:42.157+0000] {dag.py:2941} INFO - Sync 1 DAGs
[2023-12-15T22:35:42.190+0000] {logging_mixin.py:154} INFO - [2023-12-15T22:35:42.189+0000] {dag.py:3722} INFO - Setting next_dagrun for Diabetes_App3 to 2023-12-15T23:00:00+00:00, run_after=2023-12-16T00:00:00+00:00
[2023-12-15T22:35:42.287+0000] {processor.py:179} INFO - Processing /opt/airflow/dags/dag2.py took 0.321 seconds
[2023-12-15T22:36:13.682+0000] {processor.py:157} INFO - Started process (PID=6845) to work on /opt/airflow/dags/dag2.py
[2023-12-15T22:36:13.683+0000] {processor.py:829} INFO - Processing file /opt/airflow/dags/dag2.py for tasks to queue
[2023-12-15T22:36:13.684+0000] {logging_mixin.py:154} INFO - [2023-12-15T22:36:13.683+0000] {dagbag.py:536} INFO - Filling up the DagBag from /opt/airflow/dags/dag2.py
[2023-12-15T22:36:13.712+0000] {logging_mixin.py:154} WARNING - /home/airflow/.local/lib/python3.8/site-packages/airflow/models/baseoperator.py:437 RemovedInAirflow3Warning: provide_context is deprecated as of 2.0 and is no longer required
[2023-12-15T22:36:13.715+0000] {processor.py:839} INFO - DAG(s) dict_keys(['Diabetes_App3']) retrieved from /opt/airflow/dags/dag2.py
[2023-12-15T22:36:13.850+0000] {logging_mixin.py:154} INFO - [2023-12-15T22:36:13.850+0000] {dag.py:2941} INFO - Sync 1 DAGs
[2023-12-15T22:36:13.879+0000] {logging_mixin.py:154} INFO - [2023-12-15T22:36:13.879+0000] {dag.py:3722} INFO - Setting next_dagrun for Diabetes_App3 to 2023-12-15T23:00:00+00:00, run_after=2023-12-16T00:00:00+00:00
[2023-12-15T22:36:13.960+0000] {processor.py:179} INFO - Processing /opt/airflow/dags/dag2.py took 0.281 seconds
[2023-12-15T22:36:45.409+0000] {processor.py:157} INFO - Started process (PID=6884) to work on /opt/airflow/dags/dag2.py
[2023-12-15T22:36:45.409+0000] {processor.py:829} INFO - Processing file /opt/airflow/dags/dag2.py for tasks to queue
[2023-12-15T22:36:45.411+0000] {logging_mixin.py:154} INFO - [2023-12-15T22:36:45.410+0000] {dagbag.py:536} INFO - Filling up the DagBag from /opt/airflow/dags/dag2.py
[2023-12-15T22:36:45.439+0000] {logging_mixin.py:154} WARNING - /home/airflow/.local/lib/python3.8/site-packages/airflow/models/baseoperator.py:437 RemovedInAirflow3Warning: provide_context is deprecated as of 2.0 and is no longer required
[2023-12-15T22:36:45.442+0000] {processor.py:839} INFO - DAG(s) dict_keys(['Diabetes_App3']) retrieved from /opt/airflow/dags/dag2.py
[2023-12-15T22:36:45.572+0000] {logging_mixin.py:154} INFO - [2023-12-15T22:36:45.571+0000] {dag.py:2941} INFO - Sync 1 DAGs
[2023-12-15T22:36:45.600+0000] {logging_mixin.py:154} INFO - [2023-12-15T22:36:45.599+0000] {dag.py:3722} INFO - Setting next_dagrun for Diabetes_App3 to 2023-12-15T23:00:00+00:00, run_after=2023-12-16T00:00:00+00:00
[2023-12-15T22:36:45.676+0000] {processor.py:179} INFO - Processing /opt/airflow/dags/dag2.py took 0.270 seconds
[2023-12-15T22:37:17.059+0000] {processor.py:157} INFO - Started process (PID=6923) to work on /opt/airflow/dags/dag2.py
[2023-12-15T22:37:17.060+0000] {processor.py:829} INFO - Processing file /opt/airflow/dags/dag2.py for tasks to queue
[2023-12-15T22:37:17.061+0000] {logging_mixin.py:154} INFO - [2023-12-15T22:37:17.061+0000] {dagbag.py:536} INFO - Filling up the DagBag from /opt/airflow/dags/dag2.py
[2023-12-15T22:37:17.090+0000] {logging_mixin.py:154} WARNING - /home/airflow/.local/lib/python3.8/site-packages/airflow/models/baseoperator.py:437 RemovedInAirflow3Warning: provide_context is deprecated as of 2.0 and is no longer required
[2023-12-15T22:37:17.093+0000] {processor.py:839} INFO - DAG(s) dict_keys(['Diabetes_App3']) retrieved from /opt/airflow/dags/dag2.py
[2023-12-15T22:37:17.245+0000] {logging_mixin.py:154} INFO - [2023-12-15T22:37:17.244+0000] {dag.py:2941} INFO - Sync 1 DAGs
[2023-12-15T22:37:17.275+0000] {logging_mixin.py:154} INFO - [2023-12-15T22:37:17.275+0000] {dag.py:3722} INFO - Setting next_dagrun for Diabetes_App3 to 2023-12-15T23:00:00+00:00, run_after=2023-12-16T00:00:00+00:00
[2023-12-15T22:37:17.345+0000] {processor.py:179} INFO - Processing /opt/airflow/dags/dag2.py took 0.289 seconds
[2023-12-15T22:37:49.163+0000] {processor.py:157} INFO - Started process (PID=6962) to work on /opt/airflow/dags/dag2.py
[2023-12-15T22:37:49.164+0000] {processor.py:829} INFO - Processing file /opt/airflow/dags/dag2.py for tasks to queue
[2023-12-15T22:37:49.165+0000] {logging_mixin.py:154} INFO - [2023-12-15T22:37:49.164+0000] {dagbag.py:536} INFO - Filling up the DagBag from /opt/airflow/dags/dag2.py
[2023-12-15T22:37:49.192+0000] {logging_mixin.py:154} WARNING - /home/airflow/.local/lib/python3.8/site-packages/airflow/models/baseoperator.py:437 RemovedInAirflow3Warning: provide_context is deprecated as of 2.0 and is no longer required
[2023-12-15T22:37:49.195+0000] {processor.py:839} INFO - DAG(s) dict_keys(['Diabetes_App3']) retrieved from /opt/airflow/dags/dag2.py
[2023-12-15T22:37:49.331+0000] {logging_mixin.py:154} INFO - [2023-12-15T22:37:49.331+0000] {dag.py:2941} INFO - Sync 1 DAGs
[2023-12-15T22:37:49.360+0000] {logging_mixin.py:154} INFO - [2023-12-15T22:37:49.360+0000] {dag.py:3722} INFO - Setting next_dagrun for Diabetes_App3 to 2023-12-15T23:00:00+00:00, run_after=2023-12-16T00:00:00+00:00
[2023-12-15T22:37:49.441+0000] {processor.py:179} INFO - Processing /opt/airflow/dags/dag2.py took 0.281 seconds
